C:\USERS\JOEL\DOCUMENTS\JMAUPIN82-OS-HW1-BUILD1-C7CEDB7\OPSYSPROJ-1\DEBUG\DSG.EXE
C:\USERS\JOEL\DOCUMENTS\JMAUPIN82-OS-HW1-BUILD1-C7CEDB7\OPSYSPROJ-1\DEBUG\DSG.ILK
C:\USERS\JOEL\DOCUMENTS\JMAUPIN82-OS-HW1-BUILD1-C7CEDB7\OPSYSPROJ-1\DEBUG\DSG.PDB
C:\Users\Joel\Documents\jmaupin82-OS-HW1-Build1-c7cedb7\OpSysProj-1\OpSysProj-1\Debug\cl.command.1.tlog
C:\Users\Joel\Documents\jmaupin82-OS-HW1-Build1-c7cedb7\OpSysProj-1\OpSysProj-1\Debug\CL.read.1.tlog
C:\Users\Joel\Documents\jmaupin82-OS-HW1-Build1-c7cedb7\OpSysProj-1\OpSysProj-1\Debug\CL.write.1.tlog
C:\USERS\JOEL\DOCUMENTS\JMAUPIN82-OS-HW1-BUILD1-C7CEDB7\OPSYSPROJ-1\OPSYSPROJ-1\DEBUG\DISCDRIVE.OBJ
C:\USERS\JOEL\DOCUMENTS\JMAUPIN82-OS-HW1-BUILD1-C7CEDB7\OPSYSPROJ-1\OPSYSPROJ-1\DEBUG\DISCHEAD.OBJ
C:\USERS\JOEL\DOCUMENTS\JMAUPIN82-OS-HW1-BUILD1-C7CEDB7\OPSYSPROJ-1\OPSYSPROJ-1\DEBUG\DSG.EXE.EMBED.MANIFEST
C:\USERS\JOEL\DOCUMENTS\JMAUPIN82-OS-HW1-BUILD1-C7CEDB7\OPSYSPROJ-1\OPSYSPROJ-1\DEBUG\DSG.EXE.EMBED.MANIFEST.RES
C:\USERS\JOEL\DOCUMENTS\JMAUPIN82-OS-HW1-BUILD1-C7CEDB7\OPSYSPROJ-1\OPSYSPROJ-1\DEBUG\DSG.EXE.INTERMEDIATE.MANIFEST
C:\USERS\JOEL\DOCUMENTS\JMAUPIN82-OS-HW1-BUILD1-C7CEDB7\OPSYSPROJ-1\OPSYSPROJ-1\DEBUG\DSG.OBJ
C:\USERS\JOEL\DOCUMENTS\JMAUPIN82-OS-HW1-BUILD1-C7CEDB7\OPSYSPROJ-1\OPSYSPROJ-1\DEBUG\DSG.PCH
C:\Users\Joel\Documents\jmaupin82-OS-HW1-Build1-c7cedb7\OpSysProj-1\OpSysProj-1\Debug\dsg_manifest.rc
C:\USERS\JOEL\DOCUMENTS\JMAUPIN82-OS-HW1-BUILD1-C7CEDB7\OPSYSPROJ-1\OPSYSPROJ-1\DEBUG\FCFS.OBJ
C:\USERS\JOEL\DOCUMENTS\JMAUPIN82-OS-HW1-BUILD1-C7CEDB7\OPSYSPROJ-1\OPSYSPROJ-1\DEBUG\IOSCHEDULER.OBJ
C:\Users\Joel\Documents\jmaupin82-OS-HW1-Build1-c7cedb7\OpSysProj-1\OpSysProj-1\Debug\link.2728.read.1.tlog
C:\Users\Joel\Documents\jmaupin82-OS-HW1-Build1-c7cedb7\OpSysProj-1\OpSysProj-1\Debug\link.2728.write.1.tlog
C:\Users\Joel\Documents\jmaupin82-OS-HW1-Build1-c7cedb7\OpSysProj-1\OpSysProj-1\Debug\link.2728-cvtres.read.1.tlog
C:\Users\Joel\Documents\jmaupin82-OS-HW1-Build1-c7cedb7\OpSysProj-1\OpSysProj-1\Debug\link.2728-cvtres.write.1.tlog
C:\Users\Joel\Documents\jmaupin82-OS-HW1-Build1-c7cedb7\OpSysProj-1\OpSysProj-1\Debug\link.4176.read.1.tlog
C:\Users\Joel\Documents\jmaupin82-OS-HW1-Build1-c7cedb7\OpSysProj-1\OpSysProj-1\Debug\link.4176.write.1.tlog
C:\Users\Joel\Documents\jmaupin82-OS-HW1-Build1-c7cedb7\OpSysProj-1\OpSysProj-1\Debug\link.4176-cvtres.read.1.tlog
C:\Users\Joel\Documents\jmaupin82-OS-HW1-Build1-c7cedb7\OpSysProj-1\OpSysProj-1\Debug\link.4176-cvtres.write.1.tlog
C:\Users\Joel\Documents\jmaupin82-OS-HW1-Build1-c7cedb7\OpSysProj-1\OpSysProj-1\Debug\link.command.1.tlog
C:\Users\Joel\Documents\jmaupin82-OS-HW1-Build1-c7cedb7\OpSysProj-1\OpSysProj-1\Debug\link.read.1.tlog
C:\Users\Joel\Documents\jmaupin82-OS-HW1-Build1-c7cedb7\OpSysProj-1\OpSysProj-1\Debug\link.write.1.tlog
C:\Users\Joel\Documents\jmaupin82-OS-HW1-Build1-c7cedb7\OpSysProj-1\OpSysProj-1\Debug\link-cvtres.read.1.tlog
C:\Users\Joel\Documents\jmaupin82-OS-HW1-Build1-c7cedb7\OpSysProj-1\OpSysProj-1\Debug\link-cvtres.write.1.tlog
C:\Users\Joel\Documents\jmaupin82-OS-HW1-Build1-c7cedb7\OpSysProj-1\OpSysProj-1\Debug\mt.command.1.tlog
C:\Users\Joel\Documents\jmaupin82-OS-HW1-Build1-c7cedb7\OpSysProj-1\OpSysProj-1\Debug\mt.read.1.tlog
C:\Users\Joel\Documents\jmaupin82-OS-HW1-Build1-c7cedb7\OpSysProj-1\OpSysProj-1\Debug\mt.write.1.tlog
C:\Users\Joel\Documents\jmaupin82-OS-HW1-Build1-c7cedb7\OpSysProj-1\OpSysProj-1\Debug\rc.command.1.tlog
C:\Users\Joel\Documents\jmaupin82-OS-HW1-Build1-c7cedb7\OpSysProj-1\OpSysProj-1\Debug\rc.read.1.tlog
C:\Users\Joel\Documents\jmaupin82-OS-HW1-Build1-c7cedb7\OpSysProj-1\OpSysProj-1\Debug\rc.write.1.tlog
C:\USERS\JOEL\DOCUMENTS\JMAUPIN82-OS-HW1-BUILD1-C7CEDB7\OPSYSPROJ-1\OPSYSPROJ-1\DEBUG\REQUEST.OBJ
C:\USERS\JOEL\DOCUMENTS\JMAUPIN82-OS-HW1-BUILD1-C7CEDB7\OPSYSPROJ-1\OPSYSPROJ-1\DEBUG\SCHEDULINGALGORITHM.OBJ
C:\USERS\JOEL\DOCUMENTS\JMAUPIN82-OS-HW1-BUILD1-C7CEDB7\OPSYSPROJ-1\OPSYSPROJ-1\DEBUG\STDAFX.OBJ
C:\Users\Joel\Documents\jmaupin82-OS-HW1-Build1-c7cedb7\OpSysProj-1\OpSysProj-1\Debug\vc100.idb
C:\USERS\JOEL\DOCUMENTS\JMAUPIN82-OS-HW1-BUILD1-C7CEDB7\OPSYSPROJ-1\OPSYSPROJ-1\DEBUG\VC100.PDB
