Build started 9/12/2012 11:29:23 AM.
     1>Project "C:\Users\Joel\Documents\jmaupin82-OS-HW1-Build1-c7cedb7\OpSysProj-1\OpSysProj-1\OpSysProj-1.vcxproj" on node 2 (build target(s)).
     1>InitializeBuildStatus:
         Creating "Debug\dsg.unsuccessfulbuild" because "AlwaysCreate" was specified.
       ClCompile:
         All outputs are up-to-date.
         c:\Program Files (x86)\Microsoft Visual Studio 10.0\VC\bin\CL.exe /c /ZI /nologo /W3 /WX- /Od /Oy- /D WIN32 /D _DEBUG /D _CONSOLE /D _UNICODE /D UNICODE /Gm /EHsc /RTC1 /MDd /GS /fp:precise /Zc:wchar_t /Zc:forScope /Yu"StdAfx.h" /Fp"Debug\dsg.pch" /Fo"Debug\\" /Fd"Debug\vc100.pdb" /Gd /TP /analyze- /errorReport:prompt dsg.cpp
         dsg.cpp
       ManifestResourceCompile:
         All outputs are up-to-date.
       Link:
         c:\Program Files (x86)\Microsoft Visual Studio 10.0\VC\bin\link.exe /ERRORREPORT:PROMPT /OUT:"C:\Users\Joel\Documents\jmaupin82-OS-HW1-Build1-c7cedb7\OpSysProj-1\Debug\dsg.exe" /INCREMENTAL /NOLOGO kernel32.lib user32.lib gdi32.lib winspool.lib comdlg32.lib advapi32.lib shell32.lib ole32.lib oleaut32.lib uuid.lib odbc32.lib odbccp32.lib /MANIFEST /ManifestFile:"Debug\dsg.exe.intermediate.manifest" /MANIFESTUAC:"level='asInvoker' uiAccess='false'" /DEBUG /PDB:"C:\Users\Joel\Documents\jmaupin82-OS-HW1-Build1-c7cedb7\OpSysProj-1\Debug\dsg.pdb" /SUBSYSTEM:CONSOLE /TLBID:1 /DYNAMICBASE /NXCOMPAT /IMPLIB:"C:\Users\Joel\Documents\jmaupin82-OS-HW1-Build1-c7cedb7\OpSysProj-1\Debug\dsg.lib" /MACHINE:X86 Debug\dsg.exe.embed.manifest.res
         Debug\DiscDrive.obj
         Debug\DiscHead.obj
         Debug\FCFS.obj
         Debug\IOScheduler.obj
         Debug\MutableDiscHead.obj
         Debug\SchedulingAlgorithm.obj
         Debug\dsg.obj
         Debug\Request.obj
         Debug\stdafx.obj
       Manifest:
         C:\Program Files (x86)\Microsoft SDKs\Windows\v7.0A\bin\mt.exe /nologo /verbose /out:"Debug\dsg.exe.embed.manifest" /manifest Debug\dsg.exe.intermediate.manifest
         All outputs are up-to-date.
       LinkEmbedManifest:
         All outputs are up-to-date.
         OpSysProj-1.vcxproj -> C:\Users\Joel\Documents\jmaupin82-OS-HW1-Build1-c7cedb7\OpSysProj-1\Debug\dsg.exe
       FinalizeBuildStatus:
         Deleting file "Debug\dsg.unsuccessfulbuild".
         Touching "Debug\dsg.lastbuildstate".
     1>Done Building Project "C:\Users\Joel\Documents\jmaupin82-OS-HW1-Build1-c7cedb7\OpSysProj-1\OpSysProj-1\OpSysProj-1.vcxproj" (build target(s)).

Build succeeded.

Time Elapsed 00:00:01.11
